<?xml version="1.0" encoding="UTF-8"?>
<testsuite name="se.nackademin.bibliotek.rest.test.booksTest.BookTest" time="2.015" tests="1" errors="0" skipped="0" failures="1">
  <properties>
[...]
</properties>
  <testcase name="testUpdateBookStatus200" classname="se.nackademin.bibliotek.rest.test.booksTest.BookTest" time="2.015">
    <failure message="Status code should be 200 expected:&lt;200&gt; but was:&lt;400&gt;" type="java.lang.AssertionError"><![CDATA[java.lang.AssertionError: Status code should be 200 expected:<200> but was:<400>
	at org.junit.Assert.fail(Assert.java:88)
	at org.junit.Assert.failNotEquals(Assert.java:834)
	at org.junit.Assert.assertEquals(Assert.java:645)
	at se.nackademin.bibliotek.rest.test.booksTest.BookTest.testUpdateBookStatus200(BookTest.java:61)
]]></failure>
    <system-out><![CDATA[HTTP/1.1 200 OK
Server: Apache-Coyote/1.1
Content-Type: application/json
Transfer-Encoding: chunked
Date: Fri, 28 Apr 2017 14:12:53 GMT

{
    "book": {
        "author": [
            {
                "id": 2,
                "name": "Neil Gaiman"
            },
            {
                "id": 3,
                "name": "Terry Pratchett"
            }
        ],
        "description": "It is the coming of the End Times: the Apocalypse is near, and Final Judgement will soon descend upon the human species. This comes as a bit of bad news to the angel Aziraphale (who was the guardian of the Eastern Gate of Eden) and the demon Crowley (who, when he was originally named Crawly, was the serpent who tempted Eve to eat the apple), respectively the representatives of Heaven and Hell on Earth, as they have become used to living their cozy, comfortable lives and have, in a perverse way, taken a liking to humanity.",
        "id": 2,
        "isbn": "0-575-04800-X",
        "nbOfPage": 288,
        "title": "Good Omens"
    }
}
Request method:	PUT
Request path:	http://localhost:8080/librarytest/rest/books
Proxy:			<none>
Request params:	<none>
Query params:	<none>
Form params:	<none>
Path params:	<none>
Multiparts:		<none>
Headers:		Accept=*/*
				Content-Type=application/json; charset=UTF-8
Cookies:		<none>
Body:
{
    "book": {
        "author": [
            {
                "name": "Neil Gaiman",
                "id": 2.0
            },
            {
                "name": "Terry Pratchett",
                "id": 3.0
            }
        ],
        "id": 2,
        "description": "It is the coming of the End Times: the Apocalypse is near, and Final Judgement will soon descend upon the human species. This comes as a bit of bad news to the angel Aziraphale (who was the guardian of the Eastern Gate of Eden) and the demon Crowley (who, when he was originally named Crawly, was the serpent who tempted Eve to eat the apple), respectively the representatives of Heaven and Hell on Earth, as they have become used to living their cozy, comfortable lives and have, in a perverse way, taken a liking to humanity.",
        "nbOfPage": 288,
        "title": "TestTest",
        "isbn": "0-575-04800-X"
    }
}
HTTP/1.1 400 Bad Request
Server: Apache-Coyote/1.1
Content-Type: text/html
Content-Length: 46
Date: Fri, 28 Apr 2017 14:12:53 GMT
Connection: close

<html>
  <body>Book contained an author with no id field set.</body>
</html>
]]></system-out>
  </testcase>
</testsuite>